<?xml version="1.0" encoding="UTF-8"?>
<testsuite xmlns:xsi="http://www.w3.org/2001/XMLSchema-instance" xsi:noNamespaceSchemaLocation="https://maven.apache.org/surefire/maven-surefire-plugin/xsd/surefire-test-report.xsd" name="com.backend_pg.BackendPgApplicationTests" time="8.947" tests="1" errors="0" skipped="0" failures="0">
  <properties>
    <property name="java.specification.version" value="17"/>
    <property name="sun.cpu.isalist" value="amd64"/>
    <property name="sun.jnu.encoding" value="GBK"/>
    <property name="java.class.path" value="D:\Codes_D\Java Instances\backend_pg\target\test-classes;D:\Codes_D\Java Instances\backend_pg\target\classes;D:\Maven\repository\org\springframework\boot\spring-boot-starter-data-jpa\2.6.4\spring-boot-starter-data-jpa-2.6.4.jar;D:\Maven\repository\org\springframework\boot\spring-boot-starter-aop\2.6.4\spring-boot-starter-aop-2.6.4.jar;D:\Maven\repository\org\springframework\spring-aop\5.3.16\spring-aop-5.3.16.jar;D:\Maven\repository\org\aspectj\aspectjweaver\1.9.7\aspectjweaver-1.9.7.jar;D:\Maven\repository\org\springframework\boot\spring-boot-starter-jdbc\2.6.4\spring-boot-starter-jdbc-2.6.4.jar;D:\Maven\repository\com\zaxxer\HikariCP\4.0.3\HikariCP-4.0.3.jar;D:\Maven\repository\org\springframework\spring-jdbc\5.3.16\spring-jdbc-5.3.16.jar;D:\Maven\repository\jakarta\transaction\jakarta.transaction-api\1.3.3\jakarta.transaction-api-1.3.3.jar;D:\Maven\repository\jakarta\persistence\jakarta.persistence-api\2.2.3\jakarta.persistence-api-2.2.3.jar;D:\Maven\repository\org\hibernate\hibernate-core\5.6.5.Final\hibernate-core-5.6.5.Final.jar;D:\Maven\repository\org\jboss\logging\jboss-logging\3.4.3.Final\jboss-logging-3.4.3.Final.jar;D:\Maven\repository\net\bytebuddy\byte-buddy\1.11.22\byte-buddy-1.11.22.jar;D:\Maven\repository\antlr\antlr\2.7.7\antlr-2.7.7.jar;D:\Maven\repository\org\jboss\jandex\2.4.2.Final\jandex-2.4.2.Final.jar;D:\Maven\repository\com\fasterxml\classmate\1.5.1\classmate-1.5.1.jar;D:\Maven\repository\org\hibernate\common\hibernate-commons-annotations\5.1.2.Final\hibernate-commons-annotations-5.1.2.Final.jar;D:\Maven\repository\org\glassfish\jaxb\jaxb-runtime\2.3.6\jaxb-runtime-2.3.6.jar;D:\Maven\repository\org\glassfish\jaxb\txw2\2.3.6\txw2-2.3.6.jar;D:\Maven\repository\com\sun\istack\istack-commons-runtime\3.0.12\istack-commons-runtime-3.0.12.jar;D:\Maven\repository\com\sun\activation\jakarta.activation\1.2.2\jakarta.activation-1.2.2.jar;D:\Maven\repository\org\springframework\data\spring-data-jpa\2.6.2\spring-data-jpa-2.6.2.jar;D:\Maven\repository\org\springframework\data\spring-data-commons\2.6.2\spring-data-commons-2.6.2.jar;D:\Maven\repository\org\springframework\spring-orm\5.3.16\spring-orm-5.3.16.jar;D:\Maven\repository\org\springframework\spring-context\5.3.16\spring-context-5.3.16.jar;D:\Maven\repository\org\springframework\spring-tx\5.3.16\spring-tx-5.3.16.jar;D:\Maven\repository\org\springframework\spring-beans\5.3.16\spring-beans-5.3.16.jar;D:\Maven\repository\org\slf4j\slf4j-api\1.7.36\slf4j-api-1.7.36.jar;D:\Maven\repository\org\springframework\spring-aspects\5.3.16\spring-aspects-5.3.16.jar;D:\Maven\repository\org\postgresql\postgresql\42.3.3\postgresql-42.3.3.jar;D:\Maven\repository\org\checkerframework\checker-qual\3.5.0\checker-qual-3.5.0.jar;D:\Maven\repository\org\projectlombok\lombok\1.18.22\lombok-1.18.22.jar;D:\Maven\repository\com\alibaba\fastjson\1.2.79\fastjson-1.2.79.jar;D:\Maven\repository\org\springframework\boot\spring-boot-starter-web\2.6.4\spring-boot-starter-web-2.6.4.jar;D:\Maven\repository\org\springframework\boot\spring-boot-starter\2.6.4\spring-boot-starter-2.6.4.jar;D:\Maven\repository\org\springframework\boot\spring-boot\2.6.4\spring-boot-2.6.4.jar;D:\Maven\repository\org\springframework\boot\spring-boot-autoconfigure\2.6.4\spring-boot-autoconfigure-2.6.4.jar;D:\Maven\repository\org\springframework\boot\spring-boot-starter-logging\2.6.4\spring-boot-starter-logging-2.6.4.jar;D:\Maven\repository\ch\qos\logback\logback-classic\1.2.10\logback-classic-1.2.10.jar;D:\Maven\repository\ch\qos\logback\logback-core\1.2.10\logback-core-1.2.10.jar;D:\Maven\repository\org\apache\logging\log4j\log4j-to-slf4j\2.17.1\log4j-to-slf4j-2.17.1.jar;D:\Maven\repository\org\apache\logging\log4j\log4j-api\2.17.1\log4j-api-2.17.1.jar;D:\Maven\repository\org\slf4j\jul-to-slf4j\1.7.36\jul-to-slf4j-1.7.36.jar;D:\Maven\repository\jakarta\annotation\jakarta.annotation-api\1.3.5\jakarta.annotation-api-1.3.5.jar;D:\Maven\repository\org\yaml\snakeyaml\1.29\snakeyaml-1.29.jar;D:\Maven\repository\org\springframework\boot\spring-boot-starter-json\2.6.4\spring-boot-starter-json-2.6.4.jar;D:\Maven\repository\com\fasterxml\jackson\core\jackson-databind\2.13.1\jackson-databind-2.13.1.jar;D:\Maven\repository\com\fasterxml\jackson\core\jackson-annotations\2.13.1\jackson-annotations-2.13.1.jar;D:\Maven\repository\com\fasterxml\jackson\core\jackson-core\2.13.1\jackson-core-2.13.1.jar;D:\Maven\repository\com\fasterxml\jackson\datatype\jackson-datatype-jdk8\2.13.1\jackson-datatype-jdk8-2.13.1.jar;D:\Maven\repository\com\fasterxml\jackson\datatype\jackson-datatype-jsr310\2.13.1\jackson-datatype-jsr310-2.13.1.jar;D:\Maven\repository\com\fasterxml\jackson\module\jackson-module-parameter-names\2.13.1\jackson-module-parameter-names-2.13.1.jar;D:\Maven\repository\org\springframework\boot\spring-boot-starter-tomcat\2.6.4\spring-boot-starter-tomcat-2.6.4.jar;D:\Maven\repository\org\apache\tomcat\embed\tomcat-embed-core\9.0.58\tomcat-embed-core-9.0.58.jar;D:\Maven\repository\org\apache\tomcat\embed\tomcat-embed-el\9.0.58\tomcat-embed-el-9.0.58.jar;D:\Maven\repository\org\apache\tomcat\embed\tomcat-embed-websocket\9.0.58\tomcat-embed-websocket-9.0.58.jar;D:\Maven\repository\org\springframework\spring-web\5.3.16\spring-web-5.3.16.jar;D:\Maven\repository\org\springframework\spring-webmvc\5.3.16\spring-webmvc-5.3.16.jar;D:\Maven\repository\org\springframework\spring-expression\5.3.16\spring-expression-5.3.16.jar;D:\Maven\repository\org\springframework\boot\spring-boot-starter-test\2.6.4\spring-boot-starter-test-2.6.4.jar;D:\Maven\repository\org\springframework\boot\spring-boot-test\2.6.4\spring-boot-test-2.6.4.jar;D:\Maven\repository\org\springframework\boot\spring-boot-test-autoconfigure\2.6.4\spring-boot-test-autoconfigure-2.6.4.jar;D:\Maven\repository\com\jayway\jsonpath\json-path\2.6.0\json-path-2.6.0.jar;D:\Maven\repository\net\minidev\json-smart\2.4.8\json-smart-2.4.8.jar;D:\Maven\repository\net\minidev\accessors-smart\2.4.8\accessors-smart-2.4.8.jar;D:\Maven\repository\org\ow2\asm\asm\9.1\asm-9.1.jar;D:\Maven\repository\jakarta\xml\bind\jakarta.xml.bind-api\2.3.3\jakarta.xml.bind-api-2.3.3.jar;D:\Maven\repository\jakarta\activation\jakarta.activation-api\1.2.2\jakarta.activation-api-1.2.2.jar;D:\Maven\repository\org\assertj\assertj-core\3.21.0\assertj-core-3.21.0.jar;D:\Maven\repository\org\hamcrest\hamcrest\2.2\hamcrest-2.2.jar;D:\Maven\repository\org\junit\jupiter\junit-jupiter\5.8.2\junit-jupiter-5.8.2.jar;D:\Maven\repository\org\junit\jupiter\junit-jupiter-api\5.8.2\junit-jupiter-api-5.8.2.jar;D:\Maven\repository\org\opentest4j\opentest4j\1.2.0\opentest4j-1.2.0.jar;D:\Maven\repository\org\junit\platform\junit-platform-commons\1.8.2\junit-platform-commons-1.8.2.jar;D:\Maven\repository\org\apiguardian\apiguardian-api\1.1.2\apiguardian-api-1.1.2.jar;D:\Maven\repository\org\junit\jupiter\junit-jupiter-params\5.8.2\junit-jupiter-params-5.8.2.jar;D:\Maven\repository\org\junit\jupiter\junit-jupiter-engine\5.8.2\junit-jupiter-engine-5.8.2.jar;D:\Maven\repository\org\junit\platform\junit-platform-engine\1.8.2\junit-platform-engine-1.8.2.jar;D:\Maven\repository\org\mockito\mockito-core\4.0.0\mockito-core-4.0.0.jar;D:\Maven\repository\net\bytebuddy\byte-buddy-agent\1.11.22\byte-buddy-agent-1.11.22.jar;D:\Maven\repository\org\objenesis\objenesis\3.2\objenesis-3.2.jar;D:\Maven\repository\org\mockito\mockito-junit-jupiter\4.0.0\mockito-junit-jupiter-4.0.0.jar;D:\Maven\repository\org\skyscreamer\jsonassert\1.5.0\jsonassert-1.5.0.jar;D:\Maven\repository\com\vaadin\external\google\android-json\0.0.20131108.vaadin1\android-json-0.0.20131108.vaadin1.jar;D:\Maven\repository\org\springframework\spring-core\5.3.16\spring-core-5.3.16.jar;D:\Maven\repository\org\springframework\spring-jcl\5.3.16\spring-jcl-5.3.16.jar;D:\Maven\repository\org\springframework\spring-test\5.3.16\spring-test-5.3.16.jar;D:\Maven\repository\org\xmlunit\xmlunit-core\2.8.4\xmlunit-core-2.8.4.jar;"/>
    <property name="java.vm.vendor" value="Oracle Corporation"/>
    <property name="sun.arch.data.model" value="64"/>
    <property name="user.variant" value=""/>
    <property name="java.vendor.url" value="https://java.oracle.com/"/>
    <property name="user.timezone" value="Asia/Shanghai"/>
    <property name="os.name" value="Windows 11"/>
    <property name="java.vm.specification.version" value="17"/>
    <property name="sun.java.launcher" value="SUN_STANDARD"/>
    <property name="user.country" value="CN"/>
    <property name="sun.boot.library.path" value="C:\Program Files\Java\jdk-17.0.2\bin"/>
    <property name="sun.java.command" value="C:\Users\Terry\AppData\Local\Temp\surefire15139795578017777460\surefirebooter1664134198469340381.jar C:\Users\Terry\AppData\Local\Temp\surefire15139795578017777460 2022-03-09T10-01-54_720-jvmRun1 surefire221919203987483668tmp surefire_0634953767966724767tmp"/>
    <property name="jdk.debug" value="release"/>
    <property name="surefire.test.class.path" value="D:\Codes_D\Java Instances\backend_pg\target\test-classes;D:\Codes_D\Java Instances\backend_pg\target\classes;D:\Maven\repository\org\springframework\boot\spring-boot-starter-data-jpa\2.6.4\spring-boot-starter-data-jpa-2.6.4.jar;D:\Maven\repository\org\springframework\boot\spring-boot-starter-aop\2.6.4\spring-boot-starter-aop-2.6.4.jar;D:\Maven\repository\org\springframework\spring-aop\5.3.16\spring-aop-5.3.16.jar;D:\Maven\repository\org\aspectj\aspectjweaver\1.9.7\aspectjweaver-1.9.7.jar;D:\Maven\repository\org\springframework\boot\spring-boot-starter-jdbc\2.6.4\spring-boot-starter-jdbc-2.6.4.jar;D:\Maven\repository\com\zaxxer\HikariCP\4.0.3\HikariCP-4.0.3.jar;D:\Maven\repository\org\springframework\spring-jdbc\5.3.16\spring-jdbc-5.3.16.jar;D:\Maven\repository\jakarta\transaction\jakarta.transaction-api\1.3.3\jakarta.transaction-api-1.3.3.jar;D:\Maven\repository\jakarta\persistence\jakarta.persistence-api\2.2.3\jakarta.persistence-api-2.2.3.jar;D:\Maven\repository\org\hibernate\hibernate-core\5.6.5.Final\hibernate-core-5.6.5.Final.jar;D:\Maven\repository\org\jboss\logging\jboss-logging\3.4.3.Final\jboss-logging-3.4.3.Final.jar;D:\Maven\repository\net\bytebuddy\byte-buddy\1.11.22\byte-buddy-1.11.22.jar;D:\Maven\repository\antlr\antlr\2.7.7\antlr-2.7.7.jar;D:\Maven\repository\org\jboss\jandex\2.4.2.Final\jandex-2.4.2.Final.jar;D:\Maven\repository\com\fasterxml\classmate\1.5.1\classmate-1.5.1.jar;D:\Maven\repository\org\hibernate\common\hibernate-commons-annotations\5.1.2.Final\hibernate-commons-annotations-5.1.2.Final.jar;D:\Maven\repository\org\glassfish\jaxb\jaxb-runtime\2.3.6\jaxb-runtime-2.3.6.jar;D:\Maven\repository\org\glassfish\jaxb\txw2\2.3.6\txw2-2.3.6.jar;D:\Maven\repository\com\sun\istack\istack-commons-runtime\3.0.12\istack-commons-runtime-3.0.12.jar;D:\Maven\repository\com\sun\activation\jakarta.activation\1.2.2\jakarta.activation-1.2.2.jar;D:\Maven\repository\org\springframework\data\spring-data-jpa\2.6.2\spring-data-jpa-2.6.2.jar;D:\Maven\repository\org\springframework\data\spring-data-commons\2.6.2\spring-data-commons-2.6.2.jar;D:\Maven\repository\org\springframework\spring-orm\5.3.16\spring-orm-5.3.16.jar;D:\Maven\repository\org\springframework\spring-context\5.3.16\spring-context-5.3.16.jar;D:\Maven\repository\org\springframework\spring-tx\5.3.16\spring-tx-5.3.16.jar;D:\Maven\repository\org\springframework\spring-beans\5.3.16\spring-beans-5.3.16.jar;D:\Maven\repository\org\slf4j\slf4j-api\1.7.36\slf4j-api-1.7.36.jar;D:\Maven\repository\org\springframework\spring-aspects\5.3.16\spring-aspects-5.3.16.jar;D:\Maven\repository\org\postgresql\postgresql\42.3.3\postgresql-42.3.3.jar;D:\Maven\repository\org\checkerframework\checker-qual\3.5.0\checker-qual-3.5.0.jar;D:\Maven\repository\org\projectlombok\lombok\1.18.22\lombok-1.18.22.jar;D:\Maven\repository\com\alibaba\fastjson\1.2.79\fastjson-1.2.79.jar;D:\Maven\repository\org\springframework\boot\spring-boot-starter-web\2.6.4\spring-boot-starter-web-2.6.4.jar;D:\Maven\repository\org\springframework\boot\spring-boot-starter\2.6.4\spring-boot-starter-2.6.4.jar;D:\Maven\repository\org\springframework\boot\spring-boot\2.6.4\spring-boot-2.6.4.jar;D:\Maven\repository\org\springframework\boot\spring-boot-autoconfigure\2.6.4\spring-boot-autoconfigure-2.6.4.jar;D:\Maven\repository\org\springframework\boot\spring-boot-starter-logging\2.6.4\spring-boot-starter-logging-2.6.4.jar;D:\Maven\repository\ch\qos\logback\logback-classic\1.2.10\logback-classic-1.2.10.jar;D:\Maven\repository\ch\qos\logback\logback-core\1.2.10\logback-core-1.2.10.jar;D:\Maven\repository\org\apache\logging\log4j\log4j-to-slf4j\2.17.1\log4j-to-slf4j-2.17.1.jar;D:\Maven\repository\org\apache\logging\log4j\log4j-api\2.17.1\log4j-api-2.17.1.jar;D:\Maven\repository\org\slf4j\jul-to-slf4j\1.7.36\jul-to-slf4j-1.7.36.jar;D:\Maven\repository\jakarta\annotation\jakarta.annotation-api\1.3.5\jakarta.annotation-api-1.3.5.jar;D:\Maven\repository\org\yaml\snakeyaml\1.29\snakeyaml-1.29.jar;D:\Maven\repository\org\springframework\boot\spring-boot-starter-json\2.6.4\spring-boot-starter-json-2.6.4.jar;D:\Maven\repository\com\fasterxml\jackson\core\jackson-databind\2.13.1\jackson-databind-2.13.1.jar;D:\Maven\repository\com\fasterxml\jackson\core\jackson-annotations\2.13.1\jackson-annotations-2.13.1.jar;D:\Maven\repository\com\fasterxml\jackson\core\jackson-core\2.13.1\jackson-core-2.13.1.jar;D:\Maven\repository\com\fasterxml\jackson\datatype\jackson-datatype-jdk8\2.13.1\jackson-datatype-jdk8-2.13.1.jar;D:\Maven\repository\com\fasterxml\jackson\datatype\jackson-datatype-jsr310\2.13.1\jackson-datatype-jsr310-2.13.1.jar;D:\Maven\repository\com\fasterxml\jackson\module\jackson-module-parameter-names\2.13.1\jackson-module-parameter-names-2.13.1.jar;D:\Maven\repository\org\springframework\boot\spring-boot-starter-tomcat\2.6.4\spring-boot-starter-tomcat-2.6.4.jar;D:\Maven\repository\org\apache\tomcat\embed\tomcat-embed-core\9.0.58\tomcat-embed-core-9.0.58.jar;D:\Maven\repository\org\apache\tomcat\embed\tomcat-embed-el\9.0.58\tomcat-embed-el-9.0.58.jar;D:\Maven\repository\org\apache\tomcat\embed\tomcat-embed-websocket\9.0.58\tomcat-embed-websocket-9.0.58.jar;D:\Maven\repository\org\springframework\spring-web\5.3.16\spring-web-5.3.16.jar;D:\Maven\repository\org\springframework\spring-webmvc\5.3.16\spring-webmvc-5.3.16.jar;D:\Maven\repository\org\springframework\spring-expression\5.3.16\spring-expression-5.3.16.jar;D:\Maven\repository\org\springframework\boot\spring-boot-starter-test\2.6.4\spring-boot-starter-test-2.6.4.jar;D:\Maven\repository\org\springframework\boot\spring-boot-test\2.6.4\spring-boot-test-2.6.4.jar;D:\Maven\repository\org\springframework\boot\spring-boot-test-autoconfigure\2.6.4\spring-boot-test-autoconfigure-2.6.4.jar;D:\Maven\repository\com\jayway\jsonpath\json-path\2.6.0\json-path-2.6.0.jar;D:\Maven\repository\net\minidev\json-smart\2.4.8\json-smart-2.4.8.jar;D:\Maven\repository\net\minidev\accessors-smart\2.4.8\accessors-smart-2.4.8.jar;D:\Maven\repository\org\ow2\asm\asm\9.1\asm-9.1.jar;D:\Maven\repository\jakarta\xml\bind\jakarta.xml.bind-api\2.3.3\jakarta.xml.bind-api-2.3.3.jar;D:\Maven\repository\jakarta\activation\jakarta.activation-api\1.2.2\jakarta.activation-api-1.2.2.jar;D:\Maven\repository\org\assertj\assertj-core\3.21.0\assertj-core-3.21.0.jar;D:\Maven\repository\org\hamcrest\hamcrest\2.2\hamcrest-2.2.jar;D:\Maven\repository\org\junit\jupiter\junit-jupiter\5.8.2\junit-jupiter-5.8.2.jar;D:\Maven\repository\org\junit\jupiter\junit-jupiter-api\5.8.2\junit-jupiter-api-5.8.2.jar;D:\Maven\repository\org\opentest4j\opentest4j\1.2.0\opentest4j-1.2.0.jar;D:\Maven\repository\org\junit\platform\junit-platform-commons\1.8.2\junit-platform-commons-1.8.2.jar;D:\Maven\repository\org\apiguardian\apiguardian-api\1.1.2\apiguardian-api-1.1.2.jar;D:\Maven\repository\org\junit\jupiter\junit-jupiter-params\5.8.2\junit-jupiter-params-5.8.2.jar;D:\Maven\repository\org\junit\jupiter\junit-jupiter-engine\5.8.2\junit-jupiter-engine-5.8.2.jar;D:\Maven\repository\org\junit\platform\junit-platform-engine\1.8.2\junit-platform-engine-1.8.2.jar;D:\Maven\repository\org\mockito\mockito-core\4.0.0\mockito-core-4.0.0.jar;D:\Maven\repository\net\bytebuddy\byte-buddy-agent\1.11.22\byte-buddy-agent-1.11.22.jar;D:\Maven\repository\org\objenesis\objenesis\3.2\objenesis-3.2.jar;D:\Maven\repository\org\mockito\mockito-junit-jupiter\4.0.0\mockito-junit-jupiter-4.0.0.jar;D:\Maven\repository\org\skyscreamer\jsonassert\1.5.0\jsonassert-1.5.0.jar;D:\Maven\repository\com\vaadin\external\google\android-json\0.0.20131108.vaadin1\android-json-0.0.20131108.vaadin1.jar;D:\Maven\repository\org\springframework\spring-core\5.3.16\spring-core-5.3.16.jar;D:\Maven\repository\org\springframework\spring-jcl\5.3.16\spring-jcl-5.3.16.jar;D:\Maven\repository\org\springframework\spring-test\5.3.16\spring-test-5.3.16.jar;D:\Maven\repository\org\xmlunit\xmlunit-core\2.8.4\xmlunit-core-2.8.4.jar;"/>
    <property name="sun.cpu.endian" value="little"/>
    <property name="user.home" value="C:\Users\Terry"/>
    <property name="user.language" value="zh"/>
    <property name="java.specification.vendor" value="Oracle Corporation"/>
    <property name="java.version.date" value="2022-01-18"/>
    <property name="java.home" value="C:\Program Files\Java\jdk-17.0.2"/>
    <property name="file.separator" value="\"/>
    <property name="basedir" value="D:\Codes_D\Java Instances\backend_pg"/>
    <property name="java.vm.compressedOopsMode" value="Zero based"/>
    <property name="line.separator" value="&#10;"/>
    <property name="java.vm.specification.vendor" value="Oracle Corporation"/>
    <property name="java.specification.name" value="Java Platform API Specification"/>
    <property name="surefire.real.class.path" value="C:\Users\Terry\AppData\Local\Temp\surefire15139795578017777460\surefirebooter1664134198469340381.jar"/>
    <property name="user.script" value=""/>
    <property name="sun.management.compiler" value="HotSpot 64-Bit Tiered Compilers"/>
    <property name="java.runtime.version" value="17.0.2+8-LTS-86"/>
    <property name="user.name" value="Terry"/>
    <property name="path.separator" value=";"/>
    <property name="os.version" value="10.0"/>
    <property name="java.runtime.name" value="Java(TM) SE Runtime Environment"/>
    <property name="file.encoding" value="GBK"/>
    <property name="java.vm.name" value="Java HotSpot(TM) 64-Bit Server VM"/>
    <property name="localRepository" value="D:\Maven\repository"/>
    <property name="java.vendor.url.bug" value="https://bugreport.java.com/bugreport/"/>
    <property name="java.io.tmpdir" value="C:\Users\Terry\AppData\Local\Temp\"/>
    <property name="idea.version" value="2021.3.2"/>
    <property name="java.version" value="17.0.2"/>
    <property name="user.dir" value="D:\Codes_D\Java Instances\backend_pg"/>
    <property name="os.arch" value="amd64"/>
    <property name="java.vm.specification.name" value="Java Virtual Machine Specification"/>
    <property name="sun.os.patch.level" value=""/>
    <property name="native.encoding" value="GBK"/>
    <property name="java.library.path" value="C:\Program Files\Java\jdk-17.0.2\bin;C:\Windows\Sun\Java\bin;C:\Windows\system32;C:\Windows;C:\Program Files\Common Files\Oracle\Java\javapath;C:\Windows\system32;C:\Windows;C:\Windows\System32\Wbem;C:\Windows\System32\WindowsPowerShell\v1.0\;C:\Windows\System32\OpenSSH\;C:\Program Files\PuTTY\;C:\Program Files\dotnet\;D:\MATLAB R2021a\runtime\win64;D:\MATLAB R2021a\bin;D:\python packages;D:\Maven\apache-maven-3.8.4\bin;D:\Program Files\Git\cmd;C:\Users\Terry\AppData\Local\Programs\Python\Python310\Scripts\;C:\Users\Terry\AppData\Local\Programs\Python\Python310\;C:\Users\Terry\AppData\Local\Microsoft\WindowsApps;D:\Program Files\VSCode\Microsoft VS Code\bin;D:\Program Files\Bandizip\;C:\Users\Terry\.dotnet\tools;D:\Program Files\JetBrains\PyCharm Community Edition 2021.3\bin;;C:\Users\Terry\Documents\KJ;&quot;C:\Program Files\Java\jdk-17.0.2\bin;C:\Program Files\Java\jdk-17.0.2\jre\bin&quot;;D:\Maven\apache-maven-3.8.4\bin;;."/>
    <property name="java.vm.info" value="mixed mode, sharing"/>
    <property name="java.vendor" value="Oracle Corporation"/>
    <property name="java.vm.version" value="17.0.2+8-LTS-86"/>
    <property name="sun.io.unicode.encoding" value="UnicodeLittle"/>
    <property name="maven.repo.local" value="D:\Maven\repository"/>
    <property name="java.class.version" value="61.0"/>
  </properties>
  <testcase name="contextLoads" classname="com.backend_pg.BackendPgApplicationTests" time="0.313"/>
</testsuite>